<?xml version="1.0" encoding="UTF-8"?>
<!-- Generated by org.testng.reporters.JUnitReportReporter -->
<testsuite hostname="DESKTOP-VIG00SI" failures="0" tests="22" name="runners.TestRunner" time="241.154" errors="0" timestamp="2025-09-01T09:09:17 IST" skipped="0">
  <testcase classname="runners.TestRunner" name="runScenario" time="6.163"/>
  <testcase classname="runners.TestRunner" name="runScenario" time="7.460"/>
  <testcase classname="runners.TestRunner" name="runScenario" time="23.146"/>
  <testcase classname="runners.TestRunner" name="runScenario" time="24.111"/>
  <testcase classname="runners.TestRunner" name="runScenario" time="6.975"/>
  <testcase classname="runners.TestRunner" name="runScenario" time="7.359"/>
  <testcase classname="runners.TestRunner" name="runScenario" time="7.127"/>
  <testcase classname="runners.TestRunner" name="runScenario" time="21.453"/>
  <testcase classname="runners.TestRunner" name="runScenario" time="8.677"/>
  <testcase classname="runners.TestRunner" name="runScenario" time="11.055"/>
  <testcase classname="runners.TestRunner" name="runScenario" time="9.343"/>
  <testcase classname="runners.TestRunner" name="runScenario" time="8.120"/>
  <testcase classname="runners.TestRunner" name="runScenario" time="11.016"/>
  <testcase classname="runners.TestRunner" name="runScenario" time="8.151"/>
  <testcase classname="runners.TestRunner" name="runScenario" time="20.015"/>
  <testcase classname="runners.TestRunner" name="runScenario" time="10.903"/>
  <testcase classname="runners.TestRunner" name="runScenario" time="7.541"/>
  <testcase classname="runners.TestRunner" name="runScenario" time="5.054"/>
  <testcase classname="runners.TestRunner" name="runScenario" time="9.878"/>
  <testcase classname="runners.TestRunner" name="runScenario" time="8.638"/>
  <testcase classname="runners.TestRunner" name="runScenario" time="7.483"/>
  <testcase classname="runners.TestRunner" name="runScenario" time="11.486"/>
</testsuite> <!-- runners.TestRunner -->
