<?xml version="1.0" encoding="UTF-8"?>
<!-- Generated by org.testng.reporters.JUnitReportReporter -->
<testsuite hostname="DESKTOP-VIG00SI" failures="0" tests="11" name="runners.TestRunner" time="116.154" errors="0" timestamp="2025-08-31T16:07:03 IST" skipped="0">
  <testcase classname="runners.TestRunner" name="runScenario" time="10.753"/>
  <testcase classname="runners.TestRunner" name="runScenario" time="20.193"/>
  <testcase classname="runners.TestRunner" name="runScenario" time="5.388"/>
  <testcase classname="runners.TestRunner" name="runScenario" time="7.522"/>
  <testcase classname="runners.TestRunner" name="runScenario" time="22.882"/>
  <testcase classname="runners.TestRunner" name="runScenario" time="7.500"/>
  <testcase classname="runners.TestRunner" name="runScenario" time="9.610"/>
  <testcase classname="runners.TestRunner" name="runScenario" time="7.791"/>
  <testcase classname="runners.TestRunner" name="runScenario" time="9.940"/>
  <testcase classname="runners.TestRunner" name="runScenario" time="7.660"/>
  <testcase classname="runners.TestRunner" name="runScenario" time="6.915"/>
</testsuite> <!-- runners.TestRunner -->
